Compiling the CXX compiler identification source file "CMakeCXXCompilerId.cpp" failed.
Compiler: C:/Qt2/Tools/mingw1120_64/bin/g++.exe 
Build flags: 
Id flags:  

The output was:
1


Compiling the CXX compiler identification source file "CMakeCXXCompilerId.cpp" failed.
Compiler: C:/Qt2/Tools/mingw1120_64/bin/g++.exe 
Build flags: 
Id flags: -c 

The output was:
1


Compiling the CXX compiler identification source file "CMakeCXXCompilerId.cpp" failed.
Compiler: C:/Qt2/Tools/mingw1120_64/bin/g++.exe 
Build flags: 
Id flags: --c++ 

The output was:
1
g++.exe: error: unrecognized command-line option '--c++'


Compiling the CXX compiler identification source file "CMakeCXXCompilerId.cpp" failed.
Compiler: C:/Qt2/Tools/mingw1120_64/bin/g++.exe 
Build flags: 
Id flags: --ec++ 

The output was:
1
g++.exe: error: unrecognized command-line option '--ec++'; did you mean '-Weffc++'?


Compiling the CXX compiler identification source file "CMakeCXXCompilerId.cpp" failed.
Compiler: C:/Qt2/Tools/mingw1120_64/bin/g++.exe 
Build flags: 
Id flags: --target=arm-arm-none-eabi;-mcpu=cortex-m3 

The output was:
1
g++.exe: warning: '-mcpu=' is deprecated; use '-mtune=' or '-march=' instead
g++.exe: error: unrecognized command-line option '--target=arm-arm-none-eabi'


Compiling the CXX compiler identification source file "CMakeCXXCompilerId.cpp" failed.
Compiler: C:/Qt2/Tools/mingw1120_64/bin/g++.exe 
Build flags: 
Id flags: -c;-I__does_not_exist__ 

The output was:
1


Compiling the CXX compiler identification source file "CMakeCXXCompilerId.cpp" failed.
Compiler: C:/Qt2/Tools/mingw1120_64/bin/g++.exe 
Build flags: 
Id flags:  

The output was:
1


Compiling the CXX compiler identification source file "CMakeCXXCompilerId.cpp" failed.
Compiler: C:/Qt2/Tools/mingw1120_64/bin/g++.exe 
Build flags: 
Id flags: -c 

The output was:
1


Compiling the CXX compiler identification source file "CMakeCXXCompilerId.cpp" failed.
Compiler: C:/Qt2/Tools/mingw1120_64/bin/g++.exe 
Build flags: 
Id flags: --c++ 

The output was:
1
g++.exe: error: unrecognized command-line option '--c++'


Compiling the CXX compiler identification source file "CMakeCXXCompilerId.cpp" failed.
Compiler: C:/Qt2/Tools/mingw1120_64/bin/g++.exe 
Build flags: 
Id flags: --ec++ 

The output was:
1
g++.exe: error: unrecognized command-line option '--ec++'; did you mean '-Weffc++'?


Compiling the CXX compiler identification source file "CMakeCXXCompilerId.cpp" failed.
Compiler: C:/Qt2/Tools/mingw1120_64/bin/g++.exe 
Build flags: 
Id flags: --target=arm-arm-none-eabi;-mcpu=cortex-m3 

The output was:
1
g++.exe: warning: '-mcpu=' is deprecated; use '-mtune=' or '-march=' instead
g++.exe: error: unrecognized command-line option '--target=arm-arm-none-eabi'


Compiling the CXX compiler identification source file "CMakeCXXCompilerId.cpp" failed.
Compiler: C:/Qt2/Tools/mingw1120_64/bin/g++.exe 
Build flags: 
Id flags: -c;-I__does_not_exist__ 

The output was:
1


Checking whether the CXX compiler is IAR using "" did not match "IAR .+ Compiler":
g++.exe: fatal error: no input files
compilation terminated.
Checking whether the CXX compiler is IAR using "" did not match "IAR .+ Compiler":
g++.exe: fatal error: no input files
compilation terminated.
Detecting CXX compiler ABI info failed to compile with the following output:
Change Dir: C:/Users/m3nrfr/Desktop/Qt Project/build/CMakeFiles/CMakeTmp

Run Build Command(s):C:/Qt2/Tools/Ninja/ninja.exe cmTC_927be && [1/2] Building CXX object CMakeFiles\cmTC_927be.dir\CMakeCXXCompilerABI.cpp.obj
FAILED: CMakeFiles/cmTC_927be.dir/CMakeCXXCompilerABI.cpp.obj 
C:\Qt2\Tools\mingw1120_64\bin\g++.exe    -o CMakeFiles\cmTC_927be.dir\CMakeCXXCompilerABI.cpp.obj -c C:\Qt2\Tools\CMake_64\share\cmake-3.24\Modules\CMakeCXXCompilerABI.cpp
ninja: build stopped: subcommand failed.




Determining if the CXX compiler works failed with the following output:
Change Dir: C:/Users/m3nrfr/Desktop/Qt Project/build/CMakeFiles/CMakeTmp

Run Build Command(s):C:/Qt2/Tools/Ninja/ninja.exe cmTC_87069 && [1/2] Building CXX object CMakeFiles\cmTC_87069.dir\testCXXCompiler.cxx.obj
FAILED: CMakeFiles/cmTC_87069.dir/testCXXCompiler.cxx.obj 
C:\Qt2\Tools\mingw1120_64\bin\g++.exe    -o CMakeFiles\cmTC_87069.dir\testCXXCompiler.cxx.obj -c "C:\Users\m3nrfr\Desktop\Qt Project\build\CMakeFiles\CMakeTmp\testCXXCompiler.cxx"
ninja: build stopped: subcommand failed.



